MPASM  5.51                         LAB03.ASM   5-9-2023  10:21:33         PAGE  1


LOC  OBJECT CODE     LINE SOURCE TEXT
  VALUE

                      00001 #INCLUDE <P16F628A.INC>
                      00001         LIST
                      00002 
                      00003 ;==========================================================================
                      00004 ;  MPASM PIC16F628A processor include
                      00005 ; 
                      00006 ;  (c) Copyright 1999-2013 Microchip Technology, All rights reserved
                      00007 ;==========================================================================
                      00008 
                      00385         LIST
2007   3F62           00002         __CONFIG _BODEN_ON & _CP_OFF & _PWRTE_ON & _WDT_OFF & _LVP_OFF & _MCLRE_ON & _HS_OSC
                      00003 #DEFINE BANK0 BCF STATUS,RP0 ;Seleciona Banco 0 de memória RAM
                      00004 #DEFINE BANK1 BSF STATUS,RP0 ;Seleciona Banco 1 de memória RAM
                      00005  
                      00006 ;* VARIÁVEIS *
                      00007 ; DEFINIÇÃO DOS NOMES E ENDEREÇOS DE TODAS AS VARIÁVEIS UTILIZADAS PELO SISTEMA
                      00008         CBLOCK 0x20 ;Endereço inicial de armazenamento das variáveis. Deve ser 0x20 para o PIC16F628A.
  00000020            00009         AUXW ;Endereço 0x20
  00000021            00010         AUXSTATUS;Endereço 0x21
  00000022            00011         counter1 ;Endereço 0x22
                      00012         ENDC ;FIM DO BLOCO DE MEMÓRIA
                      00013 
0000                  00014         ORG 0x00 ;Define localização da instrução seguinte na memória de programa
0000   2812           00015         GOTO INICIO
0004                  00016         ORG 0x04 ;Define localização da interrupção
                      00017         ;Rotina para salvar contexto
0004   00A0           00018         MOVWF AUXW
0005   0E03           00019         SWAPF STATUS,W
0006   00A1           00020         MOVWF AUXSTATUS
0007   1D0B           00021         BTFSS INTCON,2
0008   280E           00022         GOTO OUTINT ; posso usar dois retfies ao inves de criar função para falha de interrupção por fal
                            so flag?
                      00023         ;Rotina para tratar interrupção
0009   301E           00024         MOVLW .30
000A   00A2           00025         MOVWF counter1
000B   3000           00026         MOVLW .0
000C   0081           00027         MOVWF TMR0
000D   110B           00028         BCF INTCON,2 ;garantir que o flag vai ser zerado ao sair
000E                  00029 OUTINT
                      00030         ;Rotina para recuperar contexto (saída da interrupção)
Message[305]: Using default destination of 1 (file).
000E   08A1           00031         MOVF AUXSTATUS
000F   0083           00032         MOVWF STATUS ;recupera valor de registrador STATUS
Message[305]: Using default destination of 1 (file).
0010   08A0           00033         MOVF AUXW ;recupera valor de registrador W
0011   0009           00034         RETFIE
                      00035 
0012                  00036 INICIO
Warning[203]: Found opcode in column 1. (BSF)
0012   1683           00037 BANK1
0013   3002           00038         MOVLW B'00000010'
Message[302]: Register in operand not in bank 0.  Ensure that bank bits are correct.
0014   0085           00039         MOVWF TRISA
MPASM  5.51                         LAB03.ASM   5-9-2023  10:21:33         PAGE  2


LOC  OBJECT CODE     LINE SOURCE TEXT
  VALUE

0015   3000           00040         MOVLW B'00000000'
Message[302]: Register in operand not in bank 0.  Ensure that bank bits are correct.
0016   0086           00041         MOVWF TRISB
0017   30C6           00042         MOVLW B'11000110'
Message[302]: Register in operand not in bank 0.  Ensure that bank bits are correct.
0018   0081           00043         MOVWF OPTION_REG ;configura OPTION_REG
                      00044 
Warning[203]: Found opcode in column 1. (BCF)
0019   1283           00045 BANK0
001A   3007           00046         MOVLW B'00000111' ;desabilita comparadores analógicos e configura pinos do PORTA como E/S digita
                            is
001B   009F           00047         MOVWF CMCON
001C   30E4           00048         MOVLW B'11100100'
001D   008B           00049         MOVWF INTCON ;configura interrupção
001E   3000           00050         MOVLW .0 ;move a literal 10d para work
001F   0081           00051         MOVWF TMR0 ;inicializa TMR0 em 0d
0020   301E           00052         MOVLW .30 ;move a literal 30D para work
0021   00A2           00053         MOVWF counter1 ;inicializa counter1 em 30d
0022   3005           00054         MOVLW B'00000101'
0023   0086           00055         MOVWF PORTB ;move para portb os leds que ficarão acesos e apagados no estado 0
                      00056 
0024                  00057 MAIN
0024   168B           00058         BSF INTCON,5 ; estouro de timer0 será tratada
0025   1C85           00059         BTFSS PORTA,1 ; TESTA BOTÃO RA1 E DIRECIONA PARA FUNÇÕES
0026   2828           00060         GOTO NOT_PRESSED_BT
0027   282B           00061         GOTO PRESSED_BT
                      00062 
0028                  00063 NOT_PRESSED_BT
0028   3005           00064         MOVLW B'00000101'
0029   0086           00065         MOVWF PORTB
002A   2824           00066         GOTO MAIN
                      00067 
002B                  00068 PRESSED_BT
002B   2034           00069         CALL DELAY
002C   0186           00070         CLRF PORTB
002D   300A           00071         MOVLW B'00001010' ;LEDS 2 E 4 APAGADOS
002E   0086           00072         MOVWF PORTB
002F   0186           00073         CLRF PORTB
0030   3005           00074         MOVLW B'00000101'
0031   0086           00075         MOVWF PORTB
0032   2034           00076         CALL DELAY
0033   2824           00077         GOTO MAIN
0034                  00078 DELAY
0034   3000           00079         MOVLW .0
0035   0081           00080         MOVWF TMR0
Message[305]: Using default destination of 1 (file).
0036   0BA2           00081         DECFSZ counter1
0037   2834           00082         GOTO DELAY
0038   0008           00083         RETURN
                      00084         END
MPASM  5.51                         LAB03.ASM   5-9-2023  10:21:33         PAGE  3


SYMBOL TABLE
  LABEL                             VALUE 

ADDEN                             00000003
ADEN                              00000003
AUXSTATUS                         00000021
AUXW                              00000020
BANK0                             BCF STATUS,RP0
BANK1                             BSF STATUS,RP0
BRGH                              00000002
C                                 00000000
C1INV                             00000004
C1OUT                             00000006
C2INV                             00000005
C2OUT                             00000007
CCP1CON                           00000017
CCP1IE                            00000002
CCP1IF                            00000002
CCP1M0                            00000000
CCP1M1                            00000001
CCP1M2                            00000002
CCP1M3                            00000003
CCP1X                             00000005
CCP1Y                             00000004
CCPR1                             00000015
CCPR1H                            00000016
CCPR1L                            00000015
CIS                               00000003
CM0                               00000000
CM1                               00000001
CM2                               00000002
CMCON                             0000001F
CMIE                              00000006
CMIF                              00000006
CREN                              00000004
CSRC                              00000007
DATA_CP_OFF                       00003FFF
DATA_CP_ON                        00003EFF
DC                                00000001
DELAY                             00000034
EEADR                             0000009B
EECON1                            0000009C
EECON2                            0000009D
EEDATA                            0000009A
EEIE                              00000007
EEIF                              00000007
F                                 00000001
FERR                              00000002
FSR                               00000004
GIE                               00000007
INDF                              00000000
INICIO                            00000012
INTCON                            0000000B
INTE                              00000004
INTEDG                            00000006
INTF                              00000001
MPASM  5.51                         LAB03.ASM   5-9-2023  10:21:33         PAGE  4


SYMBOL TABLE
  LABEL                             VALUE 

IRP                               00000007
MAIN                              00000024
NOT_BO                            00000000
NOT_BOD                           00000000
NOT_BOR                           00000000
NOT_PD                            00000003
NOT_POR                           00000001
NOT_PRESSED_BT                    00000028
NOT_RBPU                          00000007
NOT_T1SYNC                        00000002
NOT_TO                            00000004
OERR                              00000001
OPTION_REG                        00000081
OSCF                              00000003
OUTINT                            0000000E
PCL                               00000002
PCLATH                            0000000A
PCON                              0000008E
PEIE                              00000006
PIE1                              0000008C
PIR1                              0000000C
PORTA                             00000005
PORTB                             00000006
PR2                               00000092
PRESSED_BT                        0000002B
PS0                               00000000
PS1                               00000001
PS2                               00000002
PSA                               00000003
RA0                               00000000
RA1                               00000001
RA2                               00000002
RA3                               00000003
RA4                               00000004
RA5                               00000005
RA6                               00000006
RA7                               00000007
RB0                               00000000
RB1                               00000001
RB2                               00000002
RB3                               00000003
RB4                               00000004
RB5                               00000005
RB6                               00000006
RB7                               00000007
RBIE                              00000003
RBIF                              00000000
RCIE                              00000005
RCIF                              00000005
RCREG                             0000001A
RCSTA                             00000018
RD                                00000000
RP0                               00000005
MPASM  5.51                         LAB03.ASM   5-9-2023  10:21:33         PAGE  5


SYMBOL TABLE
  LABEL                             VALUE 

RP1                               00000006
RX9                               00000006
RX9D                              00000000
SPBRG                             00000099
SPEN                              00000007
SREN                              00000005
STATUS                            00000003
SYNC                              00000004
T0CS                              00000005
T0IE                              00000005
T0IF                              00000002
T0SE                              00000004
T1CKPS0                           00000004
T1CKPS1                           00000005
T1CON                             00000010
T1OSCEN                           00000003
T2CKPS0                           00000000
T2CKPS1                           00000001
T2CON                             00000012
TMR0                              00000001
TMR0IE                            00000005
TMR0IF                            00000002
TMR1                              0000000E
TMR1CS                            00000001
TMR1H                             0000000F
TMR1IE                            00000000
TMR1IF                            00000000
TMR1L                             0000000E
TMR1ON                            00000000
TMR2                              00000011
TMR2IE                            00000001
TMR2IF                            00000001
TMR2ON                            00000002
TOUTPS0                           00000003
TOUTPS1                           00000004
TOUTPS2                           00000005
TOUTPS3                           00000006
TRISA                             00000085
TRISA0                            00000000
TRISA1                            00000001
TRISA2                            00000002
TRISA3                            00000003
TRISA4                            00000004
TRISA5                            00000005
TRISA6                            00000006
TRISA7                            00000007
TRISB                             00000086
TRISB0                            00000000
TRISB1                            00000001
TRISB2                            00000002
TRISB3                            00000003
TRISB4                            00000004
TRISB5                            00000005
MPASM  5.51                         LAB03.ASM   5-9-2023  10:21:33         PAGE  6


SYMBOL TABLE
  LABEL                             VALUE 

TRISB6                            00000006
TRISB7                            00000007
TRMT                              00000001
TX9                               00000006
TX9D                              00000000
TXEN                              00000005
TXIE                              00000004
TXIF                              00000004
TXREG                             00000019
TXSTA                             00000098
VR0                               00000000
VR1                               00000001
VR2                               00000002
VR3                               00000003
VRCON                             0000009F
VREN                              00000007
VROE                              00000006
VRR                               00000005
W                                 00000000
WR                                00000001
WREN                              00000002
WRERR                             00000003
Z                                 00000002
_BODEN_OFF                        00003FBF
_BODEN_ON                         00003FFF
_BOREN_OFF                        00003FBF
_BOREN_ON                         00003FFF
_CONFIG                           00002007
_CPD_OFF                          00003FFF
_CPD_ON                           00003EFF
_CP_OFF                           00003FFF
_CP_ON                            00001FFF
_DEVID1                           00002006
_ER_OSC_CLKOUT                    00003FFF
_ER_OSC_NOCLKOUT                  00003FFE
_EXTCLK_OSC                       00003FEF
_FOSC_ECIO                        00003FEF
_FOSC_EXTRCCLK                    00003FFF
_FOSC_EXTRCIO                     00003FFE
_FOSC_HS                          00003FEE
_FOSC_INTOSCCLK                   00003FFD
_FOSC_INTOSCIO                    00003FFC
_FOSC_LP                          00003FEC
_FOSC_XT                          00003FED
_HS_OSC                           00003FEE
_IDLOC0                           00002000
_IDLOC1                           00002001
_IDLOC2                           00002002
_IDLOC3                           00002003
_INTOSC_OSC_CLKOUT                00003FFD
_INTOSC_OSC_NOCLKOUT              00003FFC
_INTRC_OSC_CLKOUT                 00003FFD
_INTRC_OSC_NOCLKOUT               00003FFC
MPASM  5.51                         LAB03.ASM   5-9-2023  10:21:33         PAGE  7


SYMBOL TABLE
  LABEL                             VALUE 

_LP_OSC                           00003FEC
_LVP_OFF                          00003F7F
_LVP_ON                           00003FFF
_MCLRE_OFF                        00003FDF
_MCLRE_ON                         00003FFF
_PWRTE_OFF                        00003FFF
_PWRTE_ON                         00003FF7
_RC_OSC_CLKOUT                    00003FFF
_RC_OSC_NOCLKOUT                  00003FFE
_WDTE_OFF                         00003FFB
_WDTE_ON                          00003FFF
_WDT_OFF                          00003FFB
_WDT_ON                           00003FFF
_XT_OSC                           00003FED
__16F628A                         00000001
__DEBUG                           1
counter1                          00000022


MEMORY USAGE MAP ('X' = Used,  '-' = Unused)

0000 : X---XXXXXXXXXXXX XXXXXXXXXXXXXXXX XXXXXXXXXXXXXXXX XXXXXXXXX-------
2000 : -------X-------- ---------------- ---------------- ----------------

All other memory blocks unused.

Program Memory Words Used:    54
Program Memory Words Free:  1994


Errors   :     0
Warnings :     2 reported,     0 suppressed
Messages :     6 reported,     0 suppressed

